<?xml version="1.0" encoding="UTF-8"?>
<testng-results skipped="0" failed="0" total="1" passed="1">
  <reporter-output>
  </reporter-output>
  <suite name="Default suite" duration-ms="26132" started-at="2017-08-10T08:31:22Z" finished-at="2017-08-10T08:31:48Z">
    <groups>
    </groups>
    <test name="Default test" duration-ms="26132" started-at="2017-08-10T08:31:22Z" finished-at="2017-08-10T08:31:48Z">
      <class name="testArval.domo">
        <test-method status="PASS" signature="setBaseUrl()[pri:0, instance:testArval.domo@cc285f4]" name="setBaseUrl" is-config="true" duration-ms="13175" started-at="2017-08-10T15:31:22Z" finished-at="2017-08-10T15:31:36Z">
          <reporter-output>
          </reporter-output>
        </test-method> <!-- setBaseUrl -->
        <test-method status="PASS" signature="uploadFile()[pri:0, instance:testArval.domo@cc285f4]" name="uploadFile" duration-ms="11825" started-at="2017-08-10T15:31:36Z" finished-at="2017-08-10T15:31:47Z">
          <reporter-output>
          </reporter-output>
        </test-method> <!-- uploadFile -->
        <test-method status="PASS" signature="afterTest()[pri:0, instance:testArval.domo@cc285f4]" name="afterTest" is-config="true" duration-ms="1112" started-at="2017-08-10T15:31:47Z" finished-at="2017-08-10T15:31:48Z">
          <reporter-output>
          </reporter-output>
        </test-method> <!-- afterTest -->
      </class> <!-- testArval.domo -->
    </test> <!-- Default test -->
  </suite> <!-- Default suite -->
</testng-results>
